[2019-12-25T15:26:43.539] [INFO] index - index do some awesome things
[2019-12-25T15:28:04.483] [TRACE] cheese - GET /lines - 2ms
[2019-12-25T15:28:10.535] [TRACE] cheese - GET /lines - 0ms
[2019-12-25T15:28:32.388] [TRACE] cheese - GET /lines - 2ms
[2019-12-25T15:28:33.475] [TRACE] cheese - GET /lines - 1ms
[2019-12-25T15:28:34.805] [TRACE] cheese - GET /lines - 0ms
[2019-12-25T15:28:43.483] [TRACE] cheese - GET /lines - 1ms
[2019-12-25T15:28:45.413] [TRACE] cheese - GET /lines - 1ms
[2019-12-25T15:28:46.309] [TRACE] cheese - GET /lines - 1ms
[2019-12-25T15:28:52.718] [TRACE] cheese - GET /lines - 1ms
[2019-12-25T15:28:58.565] [TRACE] cheese - GET /lines - 1ms
[2019-12-25T15:29:18.832] [TRACE] cheese - GET /lines - 1ms
[2019-12-25T15:29:19.710] [TRACE] cheese - GET /lines - 0ms
[2019-12-25T15:29:20.603] [TRACE] cheese - GET /lines - 0ms
[2019-12-25T15:29:21.891] [TRACE] cheese - GET /lines - 0ms
[2019-12-25T15:29:29.167] [TRACE] cheese - GET /lines - 0ms
[2019-12-25T15:29:50.519] [TRACE] cheese - GET /lines - 63ms
[2019-12-25T15:29:56.534] [TRACE] cheese - GET /lines - 35ms
[2019-12-25T15:34:15.554] [TRACE] cheese - GET /lines - 25ms
[2019-12-25T15:34:22.775] [TRACE] cheese - GET /lines - 79ms
[2019-12-25T15:35:18.253] [TRACE] cheese - GET /lines - 35ms
[2019-12-25T15:35:26.248] [TRACE] cheese - GET /lines - 56ms
[2019-12-25T15:35:39.719] [TRACE] cheese - GET /lines - 34ms
[2019-12-25T15:36:06.468] [TRACE] cheese - GET /lines - 57ms
[2019-12-25T15:36:18.189] [TRACE] cheese - GET /lines - 68ms
[2019-12-25T15:36:53.294] [TRACE] cheese - GET /lines - 31ms
[2019-12-25T15:37:28.495] [TRACE] cheese - GET /lines - 23ms
[2019-12-25T15:37:48.626] [TRACE] cheese - GET /lines - 22ms
[2019-12-25T15:38:52.266] [TRACE] cheese - GET /lines - 36ms
[2019-12-25T15:43:59.852] [TRACE] cheese - POST /login - 20ms
[2019-12-25T15:44:07.706] [TRACE] cheese - POST /register - 213ms
[2019-12-25T15:44:20.313] [TRACE] cheese - POST /login - 91ms
[2019-12-25T15:44:48.610] [TRACE] cheese - POST /register - 88ms
[2019-12-25T17:46:24.031] [TRACE] cheese - GET /lines - 60ms
[2019-12-25T18:06:59.774] [TRACE] cheese - GET /lines - 26ms
[2019-12-25T18:07:00.151] [TRACE] cheese - GET /favicon.ico - 1ms
[2019-12-25T18:07:11.221] [TRACE] cheese - GET /lines - 20ms
[2019-12-25T18:36:50.697] [TRACE] cheese - POST /lines - 47ms
[2019-12-26T12:17:28.549] [TRACE] cheese - GET / - 2ms
[2019-12-26T15:20:47.822] [TRACE] cheese - GET / - 1ms
[2019-12-26T15:20:54.914] [TRACE] cheese - GET /upload - 0ms
[2019-12-26T15:21:02.477] [TRACE] cheese - GET /upload - 0ms
[2019-12-26T15:21:52.957] [TRACE] cheese - GET /upload - 6ms
[2019-12-26T15:34:36.522] [TRACE] cheese - POST /upload - 145ms
[2019-12-26T15:36:46.895] [TRACE] cheese - POST /upload - 143ms
[2019-12-26T15:37:16.836] [TRACE] cheese - POST /upload - 193ms
[2019-12-26T15:38:23.783] [TRACE] cheese - POST /upload - 155ms
[2019-12-26T15:38:35.251] [TRACE] cheese - POST /upload - 288ms
[2019-12-26T15:39:45.530] [TRACE] cheese - POST /upload - 220ms
[2019-12-26T15:41:51.580] [TRACE] cheese - POST /upload - 170ms
[2019-12-26T15:49:13.950] [TRACE] cheese - POST /upload - 139ms
[2019-12-26T16:07:50.224] [TRACE] cheese - POST /upload - 146ms
[2019-12-26T16:12:17.250] [TRACE] cheese - POST /upload - 253ms
[2019-12-26T16:18:38.726] [TRACE] cheese - POST /upload - 175ms
[2019-12-26T16:19:55.554] [TRACE] cheese - POST /upload - 162ms
[2019-12-26T16:20:05.443] [TRACE] cheese - POST /upload - 121ms
[2020-01-13T14:59:20.945] [TRACE] cheese - GET / - 2ms
[2020-01-13T14:59:23.652] [TRACE] cheese - GET /lines?a=1 - 37ms
[2020-01-13T14:59:27.862] [TRACE] cheese - GET /lines - 25ms
[2020-01-13T15:05:55.029] [TRACE] cheese - GET /lines?a=1 - 38ms
[2020-01-13T15:05:55.280] [TRACE] cheese - GET /favicon.ico - 0ms
[2020-01-13T15:09:02.125] [TRACE] cheese - GET /lines?a=1 - 45ms
[2020-01-13T15:09:17.591] [TRACE] cheese - GET /lines?a=1 - 34ms
[2020-01-13T15:09:26.982] [TRACE] cheese - GET /lines?today=1 - 40ms
[2020-01-13T15:09:41.215] [TRACE] cheese - GET /lines?today=1 - 105ms
[2020-01-13T15:09:42.691] [TRACE] cheese - GET /lines?today=1 - 4ms
[2020-01-13T15:10:40.440] [TRACE] cheese - GET /lines?today=1 - 46ms
[2020-01-13T15:11:09.942] [TRACE] cheese - GET /lines?today=1 - 35ms
[2020-01-13T15:22:08.276] [TRACE] cheese - GET /lines?today=1 - 29ms
[2020-01-13T15:34:17.853] [TRACE] cheese - POST /upload - 1072ms
[2020-01-13T15:34:49.800] [TRACE] cheese - POST /upload - 1008ms
[2020-01-13T15:55:13.839] [TRACE] cheese - GET / - 1ms
[2020-01-13T15:55:17.524] [TRACE] cheese - GET /lines?today=1 - 52ms
